<?xml version="1.0" encoding="UTF-8"?>
<coverage generated="1718920470918" clover="3.2.0">
  <project timestamp="1718920470918" name="All files">
    <metrics statements="14" coveredstatements="14" conditionals="2" coveredconditionals="2" methods="9" coveredmethods="9" elements="25" coveredelements="25" complexity="0" loc="14" ncloc="14" packages="1" files="2" classes="2"/>
    <file name="shapes.js" path="/Users/adamhussain/Desktop/logo-maker/lib/shapes.js">
      <metrics statements="6" coveredstatements="6" conditionals="0" coveredconditionals="0" methods="5" coveredmethods="5"/>
      <line num="4" count="6" type="stmt"/>
      <line num="8" count="6" type="stmt"/>
      <line num="14" count="3" type="stmt"/>
      <line num="20" count="2" type="stmt"/>
      <line num="26" count="1" type="stmt"/>
      <line num="30" count="2" type="stmt"/>
    </file>
    <file name="svg.js" path="/Users/adamhussain/Desktop/logo-maker/lib/svg.js">
      <metrics statements="8" coveredstatements="8" conditionals="2" coveredconditionals="2" methods="4" coveredmethods="4"/>
      <line num="3" count="6" type="stmt"/>
      <line num="4" count="6" type="stmt"/>
      <line num="12" count="3" type="stmt"/>
      <line num="25" count="4" type="cond" truecount="2" falsecount="0"/>
      <line num="26" count="1" type="stmt"/>
      <line num="28" count="3" type="stmt"/>
      <line num="37" count="3" type="stmt"/>
      <line num="41" count="1" type="stmt"/>
    </file>
  </project>
</coverage>
